  Program.cpp
C:\Users\ehdgn\OneDrive\Desktop\C-data-structure\Program\SingleLinkedList.h(140,13): error C2365: 'SingleLinkedList<T>::Size': 재정의: 이전 정의는 '데이터 멤버'입니다.
  (소스 파일 'Program.cpp'을(를) 컴파일하는 중)
      C:\Users\ehdgn\OneDrive\Desktop\C-data-structure\Program\SingleLinkedList.h(8,6):
      'SingleLinkedList<T>::Size' 선언을 참조하십시오.
      C:\Users\ehdgn\OneDrive\Desktop\C-data-structure\Program\SingleLinkedList.h(140,13):
      템플릿 인스턴스화 컨텍스트(가장 오래된 인스턴스화 컨텍스트)가
          C:\Users\ehdgn\OneDrive\Desktop\C-data-structure\Program\SingleLinkedList.h(5,7):
          클래스 템플릿 'SingleLinkedList'을(를) 컴파일하는 동안
  
C:\Users\ehdgn\OneDrive\Desktop\C-data-structure\Program\SingleLinkedList.h(142,3): error C2059: 구문 오류: 'return'
  (소스 파일 'Program.cpp'을(를) 컴파일하는 중)
  
C:\Users\ehdgn\OneDrive\Desktop\C-data-structure\Program\SingleLinkedList.h(142,14): error C2238: ';' 앞에 예기치 않은 토큰이 있습니다.
  (소스 파일 'Program.cpp'을(를) 컴파일하는 중)
  
C:\Users\ehdgn\OneDrive\Desktop\C-data-structure\Program\SingleLinkedList.h(145,2): error C2143: 구문 오류: ';'이(가) '~' 앞에 없습니다.
  (소스 파일 'Program.cpp'을(를) 컴파일하는 중)
  
C:\Users\ehdgn\OneDrive\Desktop\C-data-structure\Program\SingleLinkedList.h(140,13): error C2207: 'SingleLinkedList<T>::Size': 클래스 템플릿의 멤버는 함수 형식을 가져올 수 없습니다.
  (소스 파일 'Program.cpp'을(를) 컴파일하는 중)
      C:\Users\ehdgn\OneDrive\Desktop\C-data-structure\Program\SingleLinkedList.h(140,13):
      템플릿 인스턴스화 컨텍스트(가장 오래된 인스턴스화 컨텍스트)가
          C:\Users\ehdgn\OneDrive\Desktop\C-data-structure\Program\Program.cpp(6,27):
          컴파일되는 클래스 템플릿 인스턴스화 'SingleLinkedList<int>'에 대한 참조를 확인하세요.
  
C:\Users\ehdgn\OneDrive\Desktop\C-data-structure\Program\SingleLinkedList.h(140,13): error C2365: 'SingleLinkedList<int>::Size': 재정의: 이전 정의는 '데이터 멤버'입니다.
  (소스 파일 'Program.cpp'을(를) 컴파일하는 중)
      C:\Users\ehdgn\OneDrive\Desktop\C-data-structure\Program\SingleLinkedList.h(8,6):
      'SingleLinkedList<int>::Size' 선언을 참조하십시오.
  
